<?xml version="1.0" encoding="UTF-8"?>
<!-- Generated by org.testng.reporters.JUnitReportReporter -->
<testsuite skipped="0" hostname="gong-PC" name="NewTest" tests="1" failures="0" timestamp="13 九月 2018 12:04:57 GMT" time="0.027" errors="0">
  <testcase name="f1" time="0.027" classname="NewTest"/>
</testsuite> <!-- NewTest -->
